2023-12-04 23:48:28,168 ERROR scheduler Skipped queueing frappe.email.doctype.email_account.email_account.notify_unreplied because it was found in queue for erpnext.modernph.net
2023-12-04 23:48:28,177 ERROR scheduler Skipped queueing frappe.email.queue.flush because it was found in queue for erpnext.modernph.net
2023-12-04 23:50:28,470 ERROR scheduler Skipped queueing frappe.email.doctype.email_account.email_account.pull because it was found in queue for erpnext.modernph.net
2023-12-04 23:52:29,208 ERROR scheduler Skipped queueing frappe.automation.doctype.reminder.reminder.send_reminders because it was found in queue for erpnext.modernph.net
2023-12-04 23:52:29,230 ERROR scheduler Skipped queueing frappe.email.doctype.email_account.email_account.notify_unreplied because it was found in queue for erpnext.modernph.net
2023-12-04 23:52:29,243 ERROR scheduler Skipped queueing frappe.email.queue.flush because it was found in queue for erpnext.modernph.net
2023-12-05 00:00:31,547 ERROR scheduler Skipped queueing erpnext.manufacturing.doctype.bom_update_tool.bom_update_tool.auto_update_latest_price_in_all_boms because it was found in queue for erpnext.modernph.net
2023-12-05 00:00:31,552 ERROR scheduler Skipped queueing erpnext.setup.doctype.email_digest.email_digest.send because it was found in queue for erpnext.modernph.net
2023-12-05 00:00:31,558 ERROR scheduler Skipped queueing erpnext.accounts.doctype.process_subscription.process_subscription.create_subscription_process because it was found in queue for erpnext.modernph.net
2023-12-05 00:00:31,583 ERROR scheduler Skipped queueing erpnext.crm.doctype.email_campaign.email_campaign.send_email_to_leads_or_contacts because it was found in queue for erpnext.modernph.net
2023-12-05 00:00:31,588 ERROR scheduler Skipped queueing erpnext.support.doctype.service_level_agreement.service_level_agreement.check_agreement_status because it was found in queue for erpnext.modernph.net
2023-12-05 00:00:31,598 ERROR scheduler Skipped queueing erpnext.quality_management.doctype.quality_review.quality_review.review because it was found in queue for erpnext.modernph.net
2023-12-05 00:00:31,603 ERROR scheduler Skipped queueing erpnext.projects.doctype.project.project.send_project_status_email_to_users because it was found in queue for erpnext.modernph.net
2023-12-05 00:00:31,607 ERROR scheduler Skipped queueing erpnext.projects.doctype.project.project.update_project_sales_billing because it was found in queue for erpnext.modernph.net
2023-12-05 00:00:31,611 ERROR scheduler Skipped queueing erpnext.crm.doctype.contract.contract.update_status_for_contracts because it was found in queue for erpnext.modernph.net
2023-12-05 00:00:31,615 ERROR scheduler Skipped queueing erpnext.assets.doctype.asset.asset.make_post_gl_entry because it was found in queue for erpnext.modernph.net
2023-12-05 00:00:31,620 ERROR scheduler Skipped queueing erpnext.assets.doctype.asset.asset.update_maintenance_status because it was found in queue for erpnext.modernph.net
2023-12-05 00:00:31,624 ERROR scheduler Skipped queueing erpnext.setup.doctype.company.company.cache_companies_monthly_sales_history because it was found in queue for erpnext.modernph.net
2023-12-05 00:00:31,628 ERROR scheduler Skipped queueing erpnext.buying.doctype.supplier_scorecard.supplier_scorecard.refresh_scorecards because it was found in queue for erpnext.modernph.net
2023-12-05 00:00:31,632 ERROR scheduler Skipped queueing erpnext.stock.doctype.serial_no.serial_no.update_maintenance_status because it was found in queue for erpnext.modernph.net
2023-12-05 00:00:31,636 ERROR scheduler Skipped queueing erpnext.projects.doctype.task.task.set_tasks_as_overdue because it was found in queue for erpnext.modernph.net
2023-12-05 00:00:31,641 ERROR scheduler Skipped queueing erpnext.accounts.doctype.fiscal_year.fiscal_year.auto_create_fiscal_year because it was found in queue for erpnext.modernph.net
2023-12-05 00:00:31,646 ERROR scheduler Skipped queueing erpnext.controllers.accounts_controller.update_invoice_status because it was found in queue for erpnext.modernph.net
2023-12-05 00:00:31,652 ERROR scheduler Skipped queueing erpnext.crm.doctype.opportunity.opportunity.auto_close_opportunity because it was found in queue for erpnext.modernph.net
2023-12-05 00:00:31,658 ERROR scheduler Skipped queueing erpnext.support.doctype.issue.issue.auto_close_tickets because it was found in queue for erpnext.modernph.net
2023-12-05 00:00:31,667 ERROR scheduler Skipped queueing erpnext.projects.doctype.project.project.collect_project_status because it was found in queue for erpnext.modernph.net
2023-12-05 00:00:31,672 ERROR scheduler Skipped queueing erpnext.projects.doctype.project.project.hourly_reminder because it was found in queue for erpnext.modernph.net
2023-12-05 00:00:31,676 ERROR scheduler Skipped queueing erpnext.projects.doctype.project.project.project_status_update_reminder because it was found in queue for erpnext.modernph.net
2023-12-05 00:00:31,681 ERROR scheduler Skipped queueing erpnext.erpnext_integrations.doctype.plaid_settings.plaid_settings.automatic_synchronization because it was found in queue for erpnext.modernph.net
2023-12-05 00:00:31,686 ERROR scheduler Skipped queueing erpnext.utilities.doctype.video.video.update_youtube_data because it was found in queue for erpnext.modernph.net
2023-12-05 00:00:31,697 ERROR scheduler Skipped queueing erpnext.accounts.doctype.process_payment_reconciliation.process_payment_reconciliation.trigger_reconciliation_for_queued_docs because it was found in queue for erpnext.modernph.net
2023-12-05 00:00:31,701 ERROR scheduler Skipped queueing erpnext.manufacturing.doctype.bom_update_log.bom_update_log.resume_bom_cost_update_jobs because it was found in queue for erpnext.modernph.net
2023-12-05 00:00:31,733 ERROR scheduler Skipped queueing frappe.integrations.doctype.google_drive.google_drive.daily_backup because it was found in queue for erpnext.modernph.net
2023-12-05 00:00:31,737 ERROR scheduler Skipped queueing frappe.email.doctype.auto_email_report.auto_email_report.send_daily because it was found in queue for erpnext.modernph.net
2023-12-05 00:00:31,742 ERROR scheduler Skipped queueing frappe.integrations.doctype.s3_backup_settings.s3_backup_settings.take_backups_daily because it was found in queue for erpnext.modernph.net
2023-12-05 00:00:31,747 ERROR scheduler Skipped queueing frappe.utils.change_log.check_for_update because it was found in queue for erpnext.modernph.net
2023-12-05 00:00:31,751 ERROR scheduler Skipped queueing frappe.integrations.doctype.dropbox_settings.dropbox_settings.take_backups_daily because it was found in queue for erpnext.modernph.net
2023-12-05 00:00:31,756 ERROR scheduler Skipped queueing frappe.automation.doctype.auto_repeat.auto_repeat.set_auto_repeat_as_completed because it was found in queue for erpnext.modernph.net
2023-12-05 00:00:31,761 ERROR scheduler Skipped queueing frappe.automation.doctype.auto_repeat.auto_repeat.make_auto_repeat_entry because it was found in queue for erpnext.modernph.net
2023-12-05 00:00:31,766 ERROR scheduler Skipped queueing frappe.integrations.doctype.google_contacts.google_contacts.sync because it was found in queue for erpnext.modernph.net
2023-12-05 00:00:31,771 ERROR scheduler Skipped queueing frappe.social.doctype.energy_point_settings.energy_point_settings.allocate_review_points because it was found in queue for erpnext.modernph.net
2023-12-05 00:00:31,775 ERROR scheduler Skipped queueing frappe.desk.form.document_follow.send_daily_updates because it was found in queue for erpnext.modernph.net
2023-12-05 00:00:31,780 ERROR scheduler Skipped queueing frappe.website.doctype.personal_data_deletion_request.personal_data_deletion_request.remove_unverified_record because it was found in queue for erpnext.modernph.net
2023-12-05 00:00:31,784 ERROR scheduler Skipped queueing frappe.email.doctype.notification.notification.trigger_daily_alerts because it was found in queue for erpnext.modernph.net
2023-12-05 00:00:31,788 ERROR scheduler Skipped queueing frappe.sessions.clear_expired_sessions because it was found in queue for erpnext.modernph.net
2023-12-05 00:00:31,793 ERROR scheduler Skipped queueing frappe.desk.doctype.event.event.send_event_digest because it was found in queue for erpnext.modernph.net
2023-12-05 00:00:31,797 ERROR scheduler Skipped queueing frappe.desk.notifications.clear_notifications because it was found in queue for erpnext.modernph.net
2023-12-05 00:00:31,801 ERROR scheduler Skipped queueing frappe.website.doctype.personal_data_deletion_request.personal_data_deletion_request.process_data_deletion_request because it was found in queue for erpnext.modernph.net
2023-12-05 00:00:31,806 ERROR scheduler Skipped queueing frappe.email.doctype.newsletter.newsletter.send_scheduled_email because it was found in queue for erpnext.modernph.net
2023-12-05 00:00:31,810 ERROR scheduler Skipped queueing frappe.integrations.doctype.google_calendar.google_calendar.sync because it was found in queue for erpnext.modernph.net
2023-12-05 00:00:31,814 ERROR scheduler Skipped queueing frappe.desk.form.document_follow.send_hourly_updates because it was found in queue for erpnext.modernph.net
2023-12-05 00:00:31,819 ERROR scheduler Skipped queueing frappe.deferred_insert.save_to_db because it was found in queue for erpnext.modernph.net
2023-12-05 00:00:31,823 ERROR scheduler Skipped queueing frappe.desk.page.backups.backups.delete_downloadable_backups because it was found in queue for erpnext.modernph.net
2023-12-05 00:00:31,827 ERROR scheduler Skipped queueing frappe.model.utils.user_settings.sync_user_settings because it was found in queue for erpnext.modernph.net
2023-12-05 00:00:31,832 ERROR scheduler Skipped queueing frappe.model.utils.link_count.update_link_count because it was found in queue for erpnext.modernph.net
2023-12-05 00:00:31,837 ERROR scheduler Skipped queueing frappe.automation.doctype.reminder.reminder.send_reminders because it was found in queue for erpnext.modernph.net
2023-12-05 00:00:31,842 ERROR scheduler Skipped queueing frappe.monitor.flush because it was found in queue for erpnext.modernph.net
2023-12-05 00:00:31,847 ERROR scheduler Skipped queueing frappe.utils.global_search.sync_global_search because it was found in queue for erpnext.modernph.net
2023-12-05 00:00:31,851 ERROR scheduler Skipped queueing frappe.email.doctype.email_account.email_account.notify_unreplied because it was found in queue for erpnext.modernph.net
2023-12-05 00:00:31,858 ERROR scheduler Skipped queueing frappe.email.queue.flush because it was found in queue for erpnext.modernph.net
2023-12-05 00:00:31,869 ERROR scheduler Skipped queueing frappe.email.doctype.email_account.email_account.pull because it was found in queue for erpnext.modernph.net
2023-12-05 00:00:31,873 ERROR scheduler Skipped queueing frappe.twofactor.delete_all_barcodes_for_users because it was found in queue for erpnext.modernph.net
2023-12-05 00:00:31,876 ERROR scheduler Skipped queueing frappe.website.doctype.web_page.web_page.check_publish_status because it was found in queue for erpnext.modernph.net
2023-12-05 00:00:31,881 ERROR scheduler Skipped queueing frappe.oauth.delete_oauth2_data because it was found in queue for erpnext.modernph.net
2023-12-05 04:52:09,647 ERROR scheduler Skipped queueing frappe.email.queue.flush because it was found in queue for erpnext.modernph.net
2023-12-05 04:56:10,444 ERROR scheduler Skipped queueing frappe.automation.doctype.reminder.reminder.send_reminders because it was found in queue for erpnext.modernph.net
2023-12-05 04:56:10,466 ERROR scheduler Skipped queueing frappe.monitor.flush because it was found in queue for erpnext.modernph.net
2023-12-05 04:56:10,471 ERROR scheduler Skipped queueing frappe.utils.global_search.sync_global_search because it was found in queue for erpnext.modernph.net
2023-12-05 04:56:10,480 ERROR scheduler Skipped queueing frappe.email.doctype.email_account.email_account.notify_unreplied because it was found in queue for erpnext.modernph.net
2023-12-05 04:56:10,491 ERROR scheduler Skipped queueing frappe.email.queue.flush because it was found in queue for erpnext.modernph.net
2023-12-05 05:00:11,730 ERROR scheduler Skipped queueing erpnext.utilities.doctype.video.video.update_youtube_data because it was found in queue for erpnext.modernph.net
2023-12-05 05:00:11,741 ERROR scheduler Skipped queueing erpnext.accounts.doctype.process_payment_reconciliation.process_payment_reconciliation.trigger_reconciliation_for_queued_docs because it was found in queue for erpnext.modernph.net
2023-12-05 05:00:11,756 ERROR scheduler Skipped queueing erpnext.manufacturing.doctype.bom_update_log.bom_update_log.resume_bom_cost_update_jobs because it was found in queue for erpnext.modernph.net
2023-12-05 05:00:11,832 ERROR scheduler Skipped queueing frappe.website.doctype.personal_data_deletion_request.personal_data_deletion_request.process_data_deletion_request because it was found in queue for erpnext.modernph.net
2023-12-05 05:00:11,837 ERROR scheduler Skipped queueing frappe.email.doctype.newsletter.newsletter.send_scheduled_email because it was found in queue for erpnext.modernph.net
2023-12-05 05:00:11,841 ERROR scheduler Skipped queueing frappe.integrations.doctype.google_calendar.google_calendar.sync because it was found in queue for erpnext.modernph.net
2023-12-05 05:00:11,845 ERROR scheduler Skipped queueing frappe.desk.form.document_follow.send_hourly_updates because it was found in queue for erpnext.modernph.net
2023-12-05 05:00:11,850 ERROR scheduler Skipped queueing frappe.deferred_insert.save_to_db because it was found in queue for erpnext.modernph.net
2023-12-05 05:00:11,854 ERROR scheduler Skipped queueing frappe.desk.page.backups.backups.delete_downloadable_backups because it was found in queue for erpnext.modernph.net
2023-12-05 05:00:11,858 ERROR scheduler Skipped queueing frappe.model.utils.user_settings.sync_user_settings because it was found in queue for erpnext.modernph.net
2023-12-05 05:00:11,862 ERROR scheduler Skipped queueing frappe.model.utils.link_count.update_link_count because it was found in queue for erpnext.modernph.net
2023-12-05 05:00:11,867 ERROR scheduler Skipped queueing frappe.automation.doctype.reminder.reminder.send_reminders because it was found in queue for erpnext.modernph.net
2023-12-05 05:00:11,871 ERROR scheduler Skipped queueing frappe.monitor.flush because it was found in queue for erpnext.modernph.net
2023-12-05 05:00:11,876 ERROR scheduler Skipped queueing frappe.utils.global_search.sync_global_search because it was found in queue for erpnext.modernph.net
2023-12-05 05:00:11,880 ERROR scheduler Skipped queueing frappe.email.doctype.email_account.email_account.notify_unreplied because it was found in queue for erpnext.modernph.net
2023-12-05 05:00:11,885 ERROR scheduler Skipped queueing frappe.email.queue.flush because it was found in queue for erpnext.modernph.net
2023-12-05 05:00:11,897 ERROR scheduler Skipped queueing frappe.email.doctype.email_account.email_account.pull because it was found in queue for erpnext.modernph.net
2023-12-05 05:00:11,901 ERROR scheduler Skipped queueing frappe.twofactor.delete_all_barcodes_for_users because it was found in queue for erpnext.modernph.net
2023-12-05 05:00:11,906 ERROR scheduler Skipped queueing frappe.website.doctype.web_page.web_page.check_publish_status because it was found in queue for erpnext.modernph.net
2023-12-05 05:00:11,911 ERROR scheduler Skipped queueing frappe.oauth.delete_oauth2_data because it was found in queue for erpnext.modernph.net
2023-12-05 09:40:47,237 ERROR scheduler Skipped queueing frappe.email.queue.flush because it was found in queue for erpnext.modernph.net
2023-12-05 09:40:47,244 ERROR scheduler Skipped queueing frappe.email.doctype.email_account.email_account.pull because it was found in queue for erpnext.modernph.net
2023-12-05 09:44:47,868 ERROR scheduler Skipped queueing frappe.automation.doctype.reminder.reminder.send_reminders because it was found in queue for erpnext.modernph.net
2023-12-05 09:44:47,873 ERROR scheduler Skipped queueing frappe.monitor.flush because it was found in queue for erpnext.modernph.net
2023-12-05 09:44:47,877 ERROR scheduler Skipped queueing frappe.utils.global_search.sync_global_search because it was found in queue for erpnext.modernph.net
2023-12-05 09:44:47,880 ERROR scheduler Skipped queueing frappe.email.doctype.email_account.email_account.notify_unreplied because it was found in queue for erpnext.modernph.net
2023-12-05 09:44:47,885 ERROR scheduler Skipped queueing frappe.email.queue.flush because it was found in queue for erpnext.modernph.net
2023-12-05 09:45:48,118 ERROR scheduler Skipped queueing erpnext.accounts.doctype.process_payment_reconciliation.process_payment_reconciliation.trigger_reconciliation_for_queued_docs because it was found in queue for erpnext.modernph.net
2023-12-05 09:45:48,121 ERROR scheduler Skipped queueing erpnext.manufacturing.doctype.bom_update_log.bom_update_log.resume_bom_cost_update_jobs because it was found in queue for erpnext.modernph.net
2023-12-05 09:45:48,208 ERROR scheduler Skipped queueing frappe.twofactor.delete_all_barcodes_for_users because it was found in queue for erpnext.modernph.net
2023-12-05 09:45:48,211 ERROR scheduler Skipped queueing frappe.website.doctype.web_page.web_page.check_publish_status because it was found in queue for erpnext.modernph.net
2023-12-05 09:45:48,213 ERROR scheduler Skipped queueing frappe.oauth.delete_oauth2_data because it was found in queue for erpnext.modernph.net
2023-12-05 10:00:53,302 ERROR scheduler Skipped queueing frappe.email.doctype.email_account.email_account.pull because it was found in queue for erpnext.modernph.net
2023-12-05 10:00:53,307 ERROR scheduler Skipped queueing frappe.twofactor.delete_all_barcodes_for_users because it was found in queue for erpnext.modernph.net
2023-12-05 10:00:53,311 ERROR scheduler Skipped queueing frappe.website.doctype.web_page.web_page.check_publish_status because it was found in queue for erpnext.modernph.net
2023-12-05 10:00:53,316 ERROR scheduler Skipped queueing frappe.oauth.delete_oauth2_data because it was found in queue for erpnext.modernph.net
2023-12-05 14:30:26,021 ERROR scheduler Skipped queueing frappe.website.doctype.web_page.web_page.check_publish_status because it was found in queue for erpnext.modernph.net
2023-12-05 14:30:26,024 ERROR scheduler Skipped queueing frappe.oauth.delete_oauth2_data because it was found in queue for erpnext.modernph.net
2023-12-05 14:32:26,333 ERROR scheduler Skipped queueing frappe.email.doctype.email_account.email_account.notify_unreplied because it was found in queue for erpnext.modernph.net
2023-12-05 14:32:26,334 ERROR scheduler Skipped queueing frappe.email.queue.flush because it was found in queue for erpnext.modernph.net
2023-12-05 14:36:26,937 ERROR scheduler Skipped queueing frappe.automation.doctype.reminder.reminder.send_reminders because it was found in queue for erpnext.modernph.net
2023-12-05 14:36:26,942 ERROR scheduler Skipped queueing frappe.monitor.flush because it was found in queue for erpnext.modernph.net
2023-12-05 14:36:26,945 ERROR scheduler Skipped queueing frappe.utils.global_search.sync_global_search because it was found in queue for erpnext.modernph.net
2023-12-05 14:36:26,948 ERROR scheduler Skipped queueing frappe.email.doctype.email_account.email_account.notify_unreplied because it was found in queue for erpnext.modernph.net
2023-12-05 14:36:26,952 ERROR scheduler Skipped queueing frappe.email.queue.flush because it was found in queue for erpnext.modernph.net
2023-12-05 14:40:28,353 ERROR scheduler Skipped queueing frappe.email.queue.flush because it was found in queue for erpnext.modernph.net
2023-12-05 14:40:28,390 ERROR scheduler Skipped queueing frappe.email.doctype.email_account.email_account.pull because it was found in queue for erpnext.modernph.net
2023-12-05 19:00:01,127 ERROR scheduler Skipped queueing erpnext.projects.doctype.project.project.project_status_update_reminder because it was found in queue for erpnext.modernph.net
2023-12-05 19:00:01,129 ERROR scheduler Skipped queueing erpnext.erpnext_integrations.doctype.plaid_settings.plaid_settings.automatic_synchronization because it was found in queue for erpnext.modernph.net
2023-12-05 19:00:01,131 ERROR scheduler Skipped queueing erpnext.utilities.doctype.video.video.update_youtube_data because it was found in queue for erpnext.modernph.net
2023-12-05 19:00:01,133 ERROR scheduler Skipped queueing erpnext.accounts.doctype.process_payment_reconciliation.process_payment_reconciliation.trigger_reconciliation_for_queued_docs because it was found in queue for erpnext.modernph.net
2023-12-05 19:00:01,134 ERROR scheduler Skipped queueing erpnext.manufacturing.doctype.bom_update_log.bom_update_log.resume_bom_cost_update_jobs because it was found in queue for erpnext.modernph.net
2023-12-05 19:00:01,143 ERROR scheduler Skipped queueing frappe.website.doctype.personal_data_deletion_request.personal_data_deletion_request.process_data_deletion_request because it was found in queue for erpnext.modernph.net
2023-12-05 19:00:01,144 ERROR scheduler Skipped queueing frappe.email.doctype.newsletter.newsletter.send_scheduled_email because it was found in queue for erpnext.modernph.net
2023-12-05 19:00:01,145 ERROR scheduler Skipped queueing frappe.integrations.doctype.google_calendar.google_calendar.sync because it was found in queue for erpnext.modernph.net
2023-12-05 19:00:01,146 ERROR scheduler Skipped queueing frappe.desk.form.document_follow.send_hourly_updates because it was found in queue for erpnext.modernph.net
2023-12-05 19:00:01,147 ERROR scheduler Skipped queueing frappe.deferred_insert.save_to_db because it was found in queue for erpnext.modernph.net
2023-12-05 19:00:01,149 ERROR scheduler Skipped queueing frappe.desk.page.backups.backups.delete_downloadable_backups because it was found in queue for erpnext.modernph.net
2023-12-05 19:00:01,150 ERROR scheduler Skipped queueing frappe.model.utils.user_settings.sync_user_settings because it was found in queue for erpnext.modernph.net
2023-12-05 19:00:01,151 ERROR scheduler Skipped queueing frappe.model.utils.link_count.update_link_count because it was found in queue for erpnext.modernph.net
2023-12-05 19:00:01,157 ERROR scheduler Skipped queueing frappe.automation.doctype.reminder.reminder.send_reminders because it was found in queue for erpnext.modernph.net
2023-12-05 19:00:01,162 ERROR scheduler Skipped queueing frappe.monitor.flush because it was found in queue for erpnext.modernph.net
2023-12-05 19:00:01,163 ERROR scheduler Skipped queueing frappe.utils.global_search.sync_global_search because it was found in queue for erpnext.modernph.net
2023-12-05 19:00:01,170 ERROR scheduler Skipped queueing frappe.email.doctype.email_account.email_account.notify_unreplied because it was found in queue for erpnext.modernph.net
2023-12-05 19:00:01,173 ERROR scheduler Skipped queueing frappe.email.queue.flush because it was found in queue for erpnext.modernph.net
2023-12-05 19:00:01,175 ERROR scheduler Skipped queueing frappe.email.doctype.email_account.email_account.pull because it was found in queue for erpnext.modernph.net
2023-12-05 19:00:01,176 ERROR scheduler Skipped queueing frappe.twofactor.delete_all_barcodes_for_users because it was found in queue for erpnext.modernph.net
2023-12-05 19:00:01,178 ERROR scheduler Skipped queueing frappe.website.doctype.web_page.web_page.check_publish_status because it was found in queue for erpnext.modernph.net
2023-12-05 19:00:01,179 ERROR scheduler Skipped queueing frappe.oauth.delete_oauth2_data because it was found in queue for erpnext.modernph.net
2023-12-05 19:04:02,092 ERROR scheduler Skipped queueing frappe.automation.doctype.reminder.reminder.send_reminders because it was found in queue for erpnext.modernph.net
2023-12-05 19:04:02,115 ERROR scheduler Skipped queueing frappe.monitor.flush because it was found in queue for erpnext.modernph.net
2023-12-05 19:04:02,120 ERROR scheduler Skipped queueing frappe.utils.global_search.sync_global_search because it was found in queue for erpnext.modernph.net
2023-12-05 19:04:02,125 ERROR scheduler Skipped queueing frappe.email.doctype.email_account.email_account.notify_unreplied because it was found in queue for erpnext.modernph.net
2023-12-05 19:04:02,131 ERROR scheduler Skipped queueing frappe.email.queue.flush because it was found in queue for erpnext.modernph.net
2023-12-06 00:00:42,116 ERROR scheduler Skipped queueing erpnext.manufacturing.doctype.bom_update_tool.bom_update_tool.auto_update_latest_price_in_all_boms because it was found in queue for erpnext.modernph.net
2023-12-06 00:00:42,157 ERROR scheduler Skipped queueing erpnext.setup.doctype.email_digest.email_digest.send because it was found in queue for erpnext.modernph.net
2023-12-06 00:00:42,158 ERROR scheduler Skipped queueing erpnext.accounts.doctype.process_subscription.process_subscription.create_subscription_process because it was found in queue for erpnext.modernph.net
2023-12-06 00:00:42,172 ERROR scheduler Skipped queueing erpnext.crm.doctype.email_campaign.email_campaign.send_email_to_leads_or_contacts because it was found in queue for erpnext.modernph.net
2023-12-06 00:00:42,173 ERROR scheduler Skipped queueing erpnext.support.doctype.service_level_agreement.service_level_agreement.check_agreement_status because it was found in queue for erpnext.modernph.net
2023-12-06 00:00:42,175 ERROR scheduler Skipped queueing erpnext.quality_management.doctype.quality_review.quality_review.review because it was found in queue for erpnext.modernph.net
2023-12-06 00:00:42,183 ERROR scheduler Skipped queueing erpnext.projects.doctype.project.project.send_project_status_email_to_users because it was found in queue for erpnext.modernph.net
2023-12-06 00:00:42,188 ERROR scheduler Skipped queueing erpnext.projects.doctype.project.project.update_project_sales_billing because it was found in queue for erpnext.modernph.net
2023-12-06 00:00:42,199 ERROR scheduler Skipped queueing erpnext.crm.doctype.contract.contract.update_status_for_contracts because it was found in queue for erpnext.modernph.net
2023-12-06 00:00:42,202 ERROR scheduler Skipped queueing erpnext.assets.doctype.asset.asset.make_post_gl_entry because it was found in queue for erpnext.modernph.net
2023-12-06 00:00:42,216 ERROR scheduler Skipped queueing erpnext.assets.doctype.asset.asset.update_maintenance_status because it was found in queue for erpnext.modernph.net
2023-12-06 00:00:42,217 ERROR scheduler Skipped queueing erpnext.setup.doctype.company.company.cache_companies_monthly_sales_history because it was found in queue for erpnext.modernph.net
2023-12-06 00:00:42,218 ERROR scheduler Skipped queueing erpnext.buying.doctype.supplier_scorecard.supplier_scorecard.refresh_scorecards because it was found in queue for erpnext.modernph.net
2023-12-06 00:00:42,239 ERROR scheduler Skipped queueing erpnext.stock.doctype.serial_no.serial_no.update_maintenance_status because it was found in queue for erpnext.modernph.net
2023-12-06 00:00:42,242 ERROR scheduler Skipped queueing erpnext.projects.doctype.task.task.set_tasks_as_overdue because it was found in queue for erpnext.modernph.net
2023-12-06 00:00:42,249 ERROR scheduler Skipped queueing erpnext.accounts.doctype.fiscal_year.fiscal_year.auto_create_fiscal_year because it was found in queue for erpnext.modernph.net
2023-12-06 00:00:42,252 ERROR scheduler Skipped queueing erpnext.controllers.accounts_controller.update_invoice_status because it was found in queue for erpnext.modernph.net
2023-12-06 00:00:42,254 ERROR scheduler Skipped queueing erpnext.crm.doctype.opportunity.opportunity.auto_close_opportunity because it was found in queue for erpnext.modernph.net
2023-12-06 00:00:42,255 ERROR scheduler Skipped queueing erpnext.support.doctype.issue.issue.auto_close_tickets because it was found in queue for erpnext.modernph.net
2023-12-06 00:00:42,256 ERROR scheduler Skipped queueing erpnext.projects.doctype.project.project.collect_project_status because it was found in queue for erpnext.modernph.net
2023-12-06 00:00:42,257 ERROR scheduler Skipped queueing erpnext.projects.doctype.project.project.hourly_reminder because it was found in queue for erpnext.modernph.net
2023-12-06 00:00:42,258 ERROR scheduler Skipped queueing erpnext.projects.doctype.project.project.project_status_update_reminder because it was found in queue for erpnext.modernph.net
2023-12-06 00:00:42,259 ERROR scheduler Skipped queueing erpnext.erpnext_integrations.doctype.plaid_settings.plaid_settings.automatic_synchronization because it was found in queue for erpnext.modernph.net
2023-12-06 00:00:42,260 ERROR scheduler Skipped queueing erpnext.utilities.doctype.video.video.update_youtube_data because it was found in queue for erpnext.modernph.net
2023-12-06 00:00:42,262 ERROR scheduler Skipped queueing erpnext.accounts.doctype.process_payment_reconciliation.process_payment_reconciliation.trigger_reconciliation_for_queued_docs because it was found in queue for erpnext.modernph.net
2023-12-06 00:00:42,263 ERROR scheduler Skipped queueing erpnext.manufacturing.doctype.bom_update_log.bom_update_log.resume_bom_cost_update_jobs because it was found in queue for erpnext.modernph.net
2023-12-06 00:00:42,269 ERROR scheduler Skipped queueing frappe.integrations.doctype.google_drive.google_drive.daily_backup because it was found in queue for erpnext.modernph.net
2023-12-06 00:00:42,272 ERROR scheduler Skipped queueing frappe.email.doctype.auto_email_report.auto_email_report.send_daily because it was found in queue for erpnext.modernph.net
2023-12-06 00:00:42,273 ERROR scheduler Skipped queueing frappe.integrations.doctype.s3_backup_settings.s3_backup_settings.take_backups_daily because it was found in queue for erpnext.modernph.net
2023-12-06 00:00:42,282 ERROR scheduler Skipped queueing frappe.utils.change_log.check_for_update because it was found in queue for erpnext.modernph.net
2023-12-06 00:00:42,285 ERROR scheduler Skipped queueing frappe.integrations.doctype.dropbox_settings.dropbox_settings.take_backups_daily because it was found in queue for erpnext.modernph.net
2023-12-06 00:00:42,286 ERROR scheduler Skipped queueing frappe.automation.doctype.auto_repeat.auto_repeat.set_auto_repeat_as_completed because it was found in queue for erpnext.modernph.net
2023-12-06 00:00:42,287 ERROR scheduler Skipped queueing frappe.automation.doctype.auto_repeat.auto_repeat.make_auto_repeat_entry because it was found in queue for erpnext.modernph.net
2023-12-06 00:00:42,294 ERROR scheduler Skipped queueing frappe.integrations.doctype.google_contacts.google_contacts.sync because it was found in queue for erpnext.modernph.net
2023-12-06 00:00:42,296 ERROR scheduler Skipped queueing frappe.social.doctype.energy_point_settings.energy_point_settings.allocate_review_points because it was found in queue for erpnext.modernph.net
2023-12-06 00:00:42,299 ERROR scheduler Skipped queueing frappe.desk.form.document_follow.send_daily_updates because it was found in queue for erpnext.modernph.net
2023-12-06 00:00:42,300 ERROR scheduler Skipped queueing frappe.website.doctype.personal_data_deletion_request.personal_data_deletion_request.remove_unverified_record because it was found in queue for erpnext.modernph.net
2023-12-06 00:00:42,301 ERROR scheduler Skipped queueing frappe.email.doctype.notification.notification.trigger_daily_alerts because it was found in queue for erpnext.modernph.net
2023-12-06 00:00:42,302 ERROR scheduler Skipped queueing frappe.sessions.clear_expired_sessions because it was found in queue for erpnext.modernph.net
2023-12-06 00:00:42,303 ERROR scheduler Skipped queueing frappe.desk.doctype.event.event.send_event_digest because it was found in queue for erpnext.modernph.net
2023-12-06 00:00:42,305 ERROR scheduler Skipped queueing frappe.desk.notifications.clear_notifications because it was found in queue for erpnext.modernph.net
2023-12-06 00:00:42,306 ERROR scheduler Skipped queueing frappe.website.doctype.personal_data_deletion_request.personal_data_deletion_request.process_data_deletion_request because it was found in queue for erpnext.modernph.net
2023-12-06 00:00:42,308 ERROR scheduler Skipped queueing frappe.email.doctype.newsletter.newsletter.send_scheduled_email because it was found in queue for erpnext.modernph.net
2023-12-06 00:00:42,308 ERROR scheduler Skipped queueing frappe.integrations.doctype.google_calendar.google_calendar.sync because it was found in queue for erpnext.modernph.net
2023-12-06 00:00:42,309 ERROR scheduler Skipped queueing frappe.desk.form.document_follow.send_hourly_updates because it was found in queue for erpnext.modernph.net
2023-12-06 00:00:42,310 ERROR scheduler Skipped queueing frappe.deferred_insert.save_to_db because it was found in queue for erpnext.modernph.net
2023-12-06 00:00:42,311 ERROR scheduler Skipped queueing frappe.desk.page.backups.backups.delete_downloadable_backups because it was found in queue for erpnext.modernph.net
2023-12-06 00:00:42,312 ERROR scheduler Skipped queueing frappe.model.utils.user_settings.sync_user_settings because it was found in queue for erpnext.modernph.net
2023-12-06 00:00:42,313 ERROR scheduler Skipped queueing frappe.model.utils.link_count.update_link_count because it was found in queue for erpnext.modernph.net
2023-12-06 00:00:42,314 ERROR scheduler Skipped queueing frappe.automation.doctype.reminder.reminder.send_reminders because it was found in queue for erpnext.modernph.net
2023-12-06 00:00:42,315 ERROR scheduler Skipped queueing frappe.monitor.flush because it was found in queue for erpnext.modernph.net
2023-12-06 00:00:42,317 ERROR scheduler Skipped queueing frappe.utils.global_search.sync_global_search because it was found in queue for erpnext.modernph.net
2023-12-06 00:00:42,318 ERROR scheduler Skipped queueing frappe.email.doctype.email_account.email_account.notify_unreplied because it was found in queue for erpnext.modernph.net
2023-12-06 00:00:42,319 ERROR scheduler Skipped queueing frappe.email.queue.flush because it was found in queue for erpnext.modernph.net
2023-12-06 00:00:42,321 ERROR scheduler Skipped queueing frappe.email.doctype.email_account.email_account.pull because it was found in queue for erpnext.modernph.net
2023-12-06 00:00:42,323 ERROR scheduler Skipped queueing frappe.twofactor.delete_all_barcodes_for_users because it was found in queue for erpnext.modernph.net
2023-12-06 00:00:42,324 ERROR scheduler Skipped queueing frappe.website.doctype.web_page.web_page.check_publish_status because it was found in queue for erpnext.modernph.net
2023-12-06 00:00:42,325 ERROR scheduler Skipped queueing frappe.oauth.delete_oauth2_data because it was found in queue for erpnext.modernph.net
2023-12-06 00:08:43,375 ERROR scheduler Skipped queueing frappe.email.doctype.email_account.email_account.notify_unreplied because it was found in queue for erpnext.modernph.net
2023-12-06 00:08:43,395 ERROR scheduler Skipped queueing frappe.email.queue.flush because it was found in queue for erpnext.modernph.net
2023-12-06 00:10:43,719 ERROR scheduler Skipped queueing frappe.email.doctype.email_account.email_account.pull because it was found in queue for erpnext.modernph.net
2023-12-06 00:12:44,300 ERROR scheduler Skipped queueing frappe.automation.doctype.reminder.reminder.send_reminders because it was found in queue for erpnext.modernph.net
2023-12-06 00:12:44,371 ERROR scheduler Skipped queueing frappe.monitor.flush because it was found in queue for erpnext.modernph.net
2023-12-06 00:12:44,387 ERROR scheduler Skipped queueing frappe.utils.global_search.sync_global_search because it was found in queue for erpnext.modernph.net
2023-12-06 00:12:44,392 ERROR scheduler Skipped queueing frappe.email.doctype.email_account.email_account.notify_unreplied because it was found in queue for erpnext.modernph.net
2023-12-06 00:12:44,403 ERROR scheduler Skipped queueing frappe.email.queue.flush because it was found in queue for erpnext.modernph.net
2023-12-06 04:50:21,562 ERROR scheduler Skipped queueing frappe.email.doctype.email_account.email_account.pull because it was found in queue for erpnext.modernph.net
2023-12-06 04:52:22,300 ERROR scheduler Skipped queueing frappe.email.doctype.email_account.email_account.notify_unreplied because it was found in queue for erpnext.modernph.net
2023-12-06 04:52:22,305 ERROR scheduler Skipped queueing frappe.email.queue.flush because it was found in queue for erpnext.modernph.net
2023-12-06 05:00:25,037 ERROR scheduler Skipped queueing frappe.deferred_insert.save_to_db because it was found in queue for erpnext.modernph.net
2023-12-06 05:00:25,042 ERROR scheduler Skipped queueing frappe.desk.page.backups.backups.delete_downloadable_backups because it was found in queue for erpnext.modernph.net
2023-12-06 05:00:25,045 ERROR scheduler Skipped queueing frappe.model.utils.user_settings.sync_user_settings because it was found in queue for erpnext.modernph.net
2023-12-06 05:00:25,050 ERROR scheduler Skipped queueing frappe.model.utils.link_count.update_link_count because it was found in queue for erpnext.modernph.net
2023-12-06 05:00:25,056 ERROR scheduler Skipped queueing frappe.automation.doctype.reminder.reminder.send_reminders because it was found in queue for erpnext.modernph.net
2023-12-06 05:00:25,062 ERROR scheduler Skipped queueing frappe.monitor.flush because it was found in queue for erpnext.modernph.net
2023-12-06 05:00:25,067 ERROR scheduler Skipped queueing frappe.utils.global_search.sync_global_search because it was found in queue for erpnext.modernph.net
2023-12-06 05:00:25,083 ERROR scheduler Skipped queueing frappe.email.doctype.email_account.email_account.notify_unreplied because it was found in queue for erpnext.modernph.net
2023-12-06 05:00:25,090 ERROR scheduler Skipped queueing frappe.email.queue.flush because it was found in queue for erpnext.modernph.net
2023-12-06 05:00:25,102 ERROR scheduler Skipped queueing frappe.email.doctype.email_account.email_account.pull because it was found in queue for erpnext.modernph.net
2023-12-06 05:00:25,109 ERROR scheduler Skipped queueing frappe.twofactor.delete_all_barcodes_for_users because it was found in queue for erpnext.modernph.net
2023-12-06 05:00:25,114 ERROR scheduler Skipped queueing frappe.website.doctype.web_page.web_page.check_publish_status because it was found in queue for erpnext.modernph.net
2023-12-06 05:00:25,118 ERROR scheduler Skipped queueing frappe.oauth.delete_oauth2_data because it was found in queue for erpnext.modernph.net
2023-12-06 09:44:01,164 ERROR scheduler Skipped queueing frappe.automation.doctype.reminder.reminder.send_reminders because it was found in queue for erpnext.modernph.net
2023-12-06 09:44:01,173 ERROR scheduler Skipped queueing frappe.monitor.flush because it was found in queue for erpnext.modernph.net
2023-12-06 09:44:01,175 ERROR scheduler Skipped queueing frappe.utils.global_search.sync_global_search because it was found in queue for erpnext.modernph.net
2023-12-06 09:44:01,176 ERROR scheduler Skipped queueing frappe.email.doctype.email_account.email_account.notify_unreplied because it was found in queue for erpnext.modernph.net
2023-12-06 09:44:01,178 ERROR scheduler Skipped queueing frappe.email.queue.flush because it was found in queue for erpnext.modernph.net
2023-12-06 09:45:01,410 ERROR scheduler Skipped queueing erpnext.accounts.doctype.process_payment_reconciliation.process_payment_reconciliation.trigger_reconciliation_for_queued_docs because it was found in queue for erpnext.modernph.net
2023-12-06 09:45:01,417 ERROR scheduler Skipped queueing erpnext.manufacturing.doctype.bom_update_log.bom_update_log.resume_bom_cost_update_jobs because it was found in queue for erpnext.modernph.net
2023-12-06 09:45:01,598 ERROR scheduler Skipped queueing frappe.twofactor.delete_all_barcodes_for_users because it was found in queue for erpnext.modernph.net
2023-12-06 09:45:01,604 ERROR scheduler Skipped queueing frappe.website.doctype.web_page.web_page.check_publish_status because it was found in queue for erpnext.modernph.net
2023-12-06 09:45:01,609 ERROR scheduler Skipped queueing frappe.oauth.delete_oauth2_data because it was found in queue for erpnext.modernph.net
2023-12-06 10:00:06,847 ERROR scheduler Skipped queueing frappe.website.doctype.web_page.web_page.check_publish_status because it was found in queue for erpnext.modernph.net
2023-12-06 10:00:06,851 ERROR scheduler Skipped queueing frappe.oauth.delete_oauth2_data because it was found in queue for erpnext.modernph.net
2023-12-06 14:30:39,250 ERROR scheduler Skipped queueing erpnext.manufacturing.doctype.bom_update_log.bom_update_log.resume_bom_cost_update_jobs because it was found in queue for erpnext.modernph.net
2023-12-06 14:30:39,266 ERROR scheduler Skipped queueing frappe.core.doctype.prepared_report.prepared_report.expire_stalled_report because it was found in queue for erpnext.modernph.net
2023-12-06 14:30:39,268 ERROR scheduler Skipped queueing frappe.email.doctype.email_account.email_account.pull because it was found in queue for erpnext.modernph.net
2023-12-06 14:30:39,269 ERROR scheduler Skipped queueing frappe.twofactor.delete_all_barcodes_for_users because it was found in queue for erpnext.modernph.net
2023-12-06 14:30:39,270 ERROR scheduler Skipped queueing frappe.website.doctype.web_page.web_page.check_publish_status because it was found in queue for erpnext.modernph.net
2023-12-06 14:30:39,271 ERROR scheduler Skipped queueing frappe.oauth.delete_oauth2_data because it was found in queue for erpnext.modernph.net
2023-12-06 14:32:39,549 ERROR scheduler Skipped queueing frappe.automation.doctype.reminder.reminder.send_reminders because it was found in queue for erpnext.modernph.net
2023-12-06 14:32:39,554 ERROR scheduler Skipped queueing frappe.monitor.flush because it was found in queue for erpnext.modernph.net
2023-12-06 14:32:39,560 ERROR scheduler Skipped queueing frappe.utils.global_search.sync_global_search because it was found in queue for erpnext.modernph.net
2023-12-06 14:32:39,565 ERROR scheduler Skipped queueing frappe.email.doctype.email_account.email_account.notify_unreplied because it was found in queue for erpnext.modernph.net
2023-12-06 14:32:39,571 ERROR scheduler Skipped queueing frappe.email.queue.flush because it was found in queue for erpnext.modernph.net
2023-12-06 19:20:18,163 ERROR scheduler Skipped queueing frappe.automation.doctype.reminder.reminder.send_reminders because it was found in queue for erpnext.modernph.net
2023-12-06 19:20:18,167 ERROR scheduler Skipped queueing frappe.monitor.flush because it was found in queue for erpnext.modernph.net
2023-12-06 19:20:18,168 ERROR scheduler Skipped queueing frappe.utils.global_search.sync_global_search because it was found in queue for erpnext.modernph.net
2023-12-06 19:20:18,169 ERROR scheduler Skipped queueing frappe.email.doctype.email_account.email_account.notify_unreplied because it was found in queue for erpnext.modernph.net
2023-12-06 19:20:18,171 ERROR scheduler Skipped queueing frappe.email.queue.flush because it was found in queue for erpnext.modernph.net
2023-12-06 19:20:18,172 ERROR scheduler Skipped queueing frappe.email.doctype.email_account.email_account.pull because it was found in queue for erpnext.modernph.net
2023-12-06 19:24:19,130 ERROR scheduler Skipped queueing frappe.utils.global_search.sync_global_search because it was found in queue for erpnext.modernph.net
2023-12-06 19:24:19,134 ERROR scheduler Skipped queueing frappe.email.doctype.email_account.email_account.notify_unreplied because it was found in queue for erpnext.modernph.net
2023-12-06 19:24:19,140 ERROR scheduler Skipped queueing frappe.email.queue.flush because it was found in queue for erpnext.modernph.net
2023-12-07 00:00:54,724 ERROR scheduler Skipped queueing erpnext.assets.doctype.asset.asset.make_post_gl_entry because it was found in queue for erpnext.modernph.net
2023-12-07 00:00:54,727 ERROR scheduler Skipped queueing erpnext.assets.doctype.asset.asset.update_maintenance_status because it was found in queue for erpnext.modernph.net
2023-12-07 00:00:54,729 ERROR scheduler Skipped queueing erpnext.setup.doctype.company.company.cache_companies_monthly_sales_history because it was found in queue for erpnext.modernph.net
2023-12-07 00:00:54,730 ERROR scheduler Skipped queueing erpnext.buying.doctype.supplier_scorecard.supplier_scorecard.refresh_scorecards because it was found in queue for erpnext.modernph.net
2023-12-07 00:00:54,731 ERROR scheduler Skipped queueing erpnext.stock.doctype.serial_no.serial_no.update_maintenance_status because it was found in queue for erpnext.modernph.net
2023-12-07 00:00:54,732 ERROR scheduler Skipped queueing erpnext.projects.doctype.task.task.set_tasks_as_overdue because it was found in queue for erpnext.modernph.net
2023-12-07 00:00:54,732 ERROR scheduler Skipped queueing erpnext.accounts.doctype.fiscal_year.fiscal_year.auto_create_fiscal_year because it was found in queue for erpnext.modernph.net
2023-12-07 00:00:54,733 ERROR scheduler Skipped queueing erpnext.controllers.accounts_controller.update_invoice_status because it was found in queue for erpnext.modernph.net
2023-12-07 00:00:54,734 ERROR scheduler Skipped queueing erpnext.crm.doctype.opportunity.opportunity.auto_close_opportunity because it was found in queue for erpnext.modernph.net
2023-12-07 00:00:54,735 ERROR scheduler Skipped queueing erpnext.support.doctype.issue.issue.auto_close_tickets because it was found in queue for erpnext.modernph.net
2023-12-07 00:00:54,736 ERROR scheduler Skipped queueing erpnext.projects.doctype.project.project.collect_project_status because it was found in queue for erpnext.modernph.net
2023-12-07 00:00:54,736 ERROR scheduler Skipped queueing erpnext.projects.doctype.project.project.hourly_reminder because it was found in queue for erpnext.modernph.net
2023-12-07 00:00:54,737 ERROR scheduler Skipped queueing erpnext.projects.doctype.project.project.project_status_update_reminder because it was found in queue for erpnext.modernph.net
2023-12-07 00:00:54,738 ERROR scheduler Skipped queueing erpnext.erpnext_integrations.doctype.plaid_settings.plaid_settings.automatic_synchronization because it was found in queue for erpnext.modernph.net
2023-12-07 00:00:54,739 ERROR scheduler Skipped queueing erpnext.utilities.doctype.video.video.update_youtube_data because it was found in queue for erpnext.modernph.net
2023-12-07 00:00:54,740 ERROR scheduler Skipped queueing erpnext.accounts.doctype.process_payment_reconciliation.process_payment_reconciliation.trigger_reconciliation_for_queued_docs because it was found in queue for erpnext.modernph.net
2023-12-07 00:00:54,741 ERROR scheduler Skipped queueing erpnext.manufacturing.doctype.bom_update_log.bom_update_log.resume_bom_cost_update_jobs because it was found in queue for erpnext.modernph.net
2023-12-07 00:00:54,744 ERROR scheduler Skipped queueing frappe.integrations.doctype.google_drive.google_drive.daily_backup because it was found in queue for erpnext.modernph.net
2023-12-07 00:00:54,745 ERROR scheduler Skipped queueing frappe.email.doctype.auto_email_report.auto_email_report.send_daily because it was found in queue for erpnext.modernph.net
2023-12-07 00:00:54,746 ERROR scheduler Skipped queueing frappe.integrations.doctype.s3_backup_settings.s3_backup_settings.take_backups_daily because it was found in queue for erpnext.modernph.net
2023-12-07 00:00:54,747 ERROR scheduler Skipped queueing frappe.utils.change_log.check_for_update because it was found in queue for erpnext.modernph.net
2023-12-07 00:00:54,747 ERROR scheduler Skipped queueing frappe.integrations.doctype.dropbox_settings.dropbox_settings.take_backups_daily because it was found in queue for erpnext.modernph.net
2023-12-07 00:00:54,748 ERROR scheduler Skipped queueing frappe.automation.doctype.auto_repeat.auto_repeat.set_auto_repeat_as_completed because it was found in queue for erpnext.modernph.net
2023-12-07 00:00:54,749 ERROR scheduler Skipped queueing frappe.automation.doctype.auto_repeat.auto_repeat.make_auto_repeat_entry because it was found in queue for erpnext.modernph.net
2023-12-07 00:00:54,750 ERROR scheduler Skipped queueing frappe.integrations.doctype.google_contacts.google_contacts.sync because it was found in queue for erpnext.modernph.net
2023-12-07 00:00:54,751 ERROR scheduler Skipped queueing frappe.social.doctype.energy_point_settings.energy_point_settings.allocate_review_points because it was found in queue for erpnext.modernph.net
2023-12-07 00:00:54,751 ERROR scheduler Skipped queueing frappe.desk.form.document_follow.send_daily_updates because it was found in queue for erpnext.modernph.net
2023-12-07 00:00:54,752 ERROR scheduler Skipped queueing frappe.website.doctype.personal_data_deletion_request.personal_data_deletion_request.remove_unverified_record because it was found in queue for erpnext.modernph.net
2023-12-07 00:00:54,753 ERROR scheduler Skipped queueing frappe.email.doctype.notification.notification.trigger_daily_alerts because it was found in queue for erpnext.modernph.net
2023-12-07 00:00:54,754 ERROR scheduler Skipped queueing frappe.sessions.clear_expired_sessions because it was found in queue for erpnext.modernph.net
2023-12-07 00:00:54,755 ERROR scheduler Skipped queueing frappe.desk.doctype.event.event.send_event_digest because it was found in queue for erpnext.modernph.net
2023-12-07 00:00:54,755 ERROR scheduler Skipped queueing frappe.desk.notifications.clear_notifications because it was found in queue for erpnext.modernph.net
2023-12-07 00:00:54,756 ERROR scheduler Skipped queueing frappe.website.doctype.personal_data_deletion_request.personal_data_deletion_request.process_data_deletion_request because it was found in queue for erpnext.modernph.net
2023-12-07 00:00:54,757 ERROR scheduler Skipped queueing frappe.email.doctype.newsletter.newsletter.send_scheduled_email because it was found in queue for erpnext.modernph.net
2023-12-07 00:00:54,758 ERROR scheduler Skipped queueing frappe.integrations.doctype.google_calendar.google_calendar.sync because it was found in queue for erpnext.modernph.net
2023-12-07 00:00:54,758 ERROR scheduler Skipped queueing frappe.desk.form.document_follow.send_hourly_updates because it was found in queue for erpnext.modernph.net
2023-12-07 00:00:54,759 ERROR scheduler Skipped queueing frappe.deferred_insert.save_to_db because it was found in queue for erpnext.modernph.net
2023-12-07 00:00:54,760 ERROR scheduler Skipped queueing frappe.desk.page.backups.backups.delete_downloadable_backups because it was found in queue for erpnext.modernph.net
2023-12-07 00:00:54,761 ERROR scheduler Skipped queueing frappe.model.utils.user_settings.sync_user_settings because it was found in queue for erpnext.modernph.net
2023-12-07 00:00:54,762 ERROR scheduler Skipped queueing frappe.model.utils.link_count.update_link_count because it was found in queue for erpnext.modernph.net
2023-12-07 00:00:54,763 ERROR scheduler Skipped queueing frappe.automation.doctype.reminder.reminder.send_reminders because it was found in queue for erpnext.modernph.net
2023-12-07 00:00:54,763 ERROR scheduler Skipped queueing frappe.monitor.flush because it was found in queue for erpnext.modernph.net
2023-12-07 00:00:54,764 ERROR scheduler Skipped queueing frappe.utils.global_search.sync_global_search because it was found in queue for erpnext.modernph.net
2023-12-07 00:00:54,765 ERROR scheduler Skipped queueing frappe.email.doctype.email_account.email_account.notify_unreplied because it was found in queue for erpnext.modernph.net
2023-12-07 00:00:54,766 ERROR scheduler Skipped queueing frappe.email.queue.flush because it was found in queue for erpnext.modernph.net
2023-12-07 00:00:54,768 ERROR scheduler Skipped queueing frappe.email.doctype.email_account.email_account.pull because it was found in queue for erpnext.modernph.net
2023-12-07 00:00:54,769 ERROR scheduler Skipped queueing frappe.twofactor.delete_all_barcodes_for_users because it was found in queue for erpnext.modernph.net
2023-12-07 00:00:54,770 ERROR scheduler Skipped queueing frappe.website.doctype.web_page.web_page.check_publish_status because it was found in queue for erpnext.modernph.net
2023-12-07 00:00:54,771 ERROR scheduler Skipped queueing frappe.oauth.delete_oauth2_data because it was found in queue for erpnext.modernph.net
2023-12-07 00:12:56,444 ERROR scheduler Skipped queueing frappe.automation.doctype.reminder.reminder.send_reminders because it was found in queue for erpnext.modernph.net
2023-12-07 00:12:56,445 ERROR scheduler Skipped queueing frappe.monitor.flush because it was found in queue for erpnext.modernph.net
2023-12-07 00:12:56,447 ERROR scheduler Skipped queueing frappe.utils.global_search.sync_global_search because it was found in queue for erpnext.modernph.net
2023-12-07 00:12:56,448 ERROR scheduler Skipped queueing frappe.email.doctype.email_account.email_account.notify_unreplied because it was found in queue for erpnext.modernph.net
2023-12-07 00:12:56,449 ERROR scheduler Skipped queueing frappe.email.queue.flush because it was found in queue for erpnext.modernph.net
2023-12-07 00:15:57,278 ERROR scheduler Skipped queueing erpnext.accounts.doctype.process_payment_reconciliation.process_payment_reconciliation.trigger_reconciliation_for_queued_docs because it was found in queue for erpnext.modernph.net
2023-12-07 00:15:57,284 ERROR scheduler Skipped queueing erpnext.manufacturing.doctype.bom_update_log.bom_update_log.resume_bom_cost_update_jobs because it was found in queue for erpnext.modernph.net
2023-12-07 00:15:57,419 ERROR scheduler Skipped queueing frappe.twofactor.delete_all_barcodes_for_users because it was found in queue for erpnext.modernph.net
2023-12-07 00:15:57,423 ERROR scheduler Skipped queueing frappe.website.doctype.web_page.web_page.check_publish_status because it was found in queue for erpnext.modernph.net
2023-12-07 00:15:57,428 ERROR scheduler Skipped queueing frappe.oauth.delete_oauth2_data because it was found in queue for erpnext.modernph.net
2023-12-07 00:16:57,811 ERROR scheduler Skipped queueing frappe.email.doctype.email_account.email_account.notify_unreplied because it was found in queue for erpnext.modernph.net
2023-12-07 00:16:57,821 ERROR scheduler Skipped queueing frappe.email.queue.flush because it was found in queue for erpnext.modernph.net
2023-12-07 04:30:32,649 ERROR scheduler Skipped queueing erpnext.manufacturing.doctype.bom_update_log.bom_update_log.resume_bom_cost_update_jobs because it was found in queue for erpnext.modernph.net
2023-12-07 04:30:32,667 ERROR scheduler Skipped queueing frappe.core.doctype.prepared_report.prepared_report.expire_stalled_report because it was found in queue for erpnext.modernph.net
2023-12-07 04:30:32,669 ERROR scheduler Skipped queueing frappe.email.doctype.email_account.email_account.pull because it was found in queue for erpnext.modernph.net
2023-12-07 04:30:32,671 ERROR scheduler Skipped queueing frappe.twofactor.delete_all_barcodes_for_users because it was found in queue for erpnext.modernph.net
2023-12-07 04:30:32,672 ERROR scheduler Skipped queueing frappe.website.doctype.web_page.web_page.check_publish_status because it was found in queue for erpnext.modernph.net
2023-12-07 04:30:32,673 ERROR scheduler Skipped queueing frappe.oauth.delete_oauth2_data because it was found in queue for erpnext.modernph.net
2023-12-07 04:32:32,893 ERROR scheduler Skipped queueing frappe.automation.doctype.reminder.reminder.send_reminders because it was found in queue for erpnext.modernph.net
2023-12-07 04:32:32,905 ERROR scheduler Skipped queueing frappe.monitor.flush because it was found in queue for erpnext.modernph.net
2023-12-07 04:32:32,911 ERROR scheduler Skipped queueing frappe.utils.global_search.sync_global_search because it was found in queue for erpnext.modernph.net
2023-12-07 04:32:32,915 ERROR scheduler Skipped queueing frappe.email.doctype.email_account.email_account.notify_unreplied because it was found in queue for erpnext.modernph.net
2023-12-07 04:32:32,918 ERROR scheduler Skipped queueing frappe.email.queue.flush because it was found in queue for erpnext.modernph.net
2023-12-07 08:56:07,861 ERROR scheduler Skipped queueing frappe.email.doctype.email_account.email_account.notify_unreplied because it was found in queue for erpnext.modernph.net
2023-12-07 08:56:07,900 ERROR scheduler Skipped queueing frappe.email.queue.flush because it was found in queue for erpnext.modernph.net
2023-12-07 09:00:08,701 ERROR scheduler Skipped queueing erpnext.utilities.bulk_transaction.retry because it was found in queue for erpnext.modernph.net
2023-12-07 09:00:08,711 ERROR scheduler Skipped queueing erpnext.stock.doctype.repost_item_valuation.repost_item_valuation.repost_entries because it was found in queue for erpnext.modernph.net
2023-12-07 09:00:08,816 ERROR scheduler Skipped queueing erpnext.projects.doctype.project.project.collect_project_status because it was found in queue for erpnext.modernph.net
2023-12-07 09:00:08,821 ERROR scheduler Skipped queueing erpnext.projects.doctype.project.project.hourly_reminder because it was found in queue for erpnext.modernph.net
2023-12-07 09:00:08,826 ERROR scheduler Skipped queueing erpnext.projects.doctype.project.project.project_status_update_reminder because it was found in queue for erpnext.modernph.net
2023-12-07 09:00:08,831 ERROR scheduler Skipped queueing erpnext.erpnext_integrations.doctype.plaid_settings.plaid_settings.automatic_synchronization because it was found in queue for erpnext.modernph.net
2023-12-07 09:00:08,836 ERROR scheduler Skipped queueing erpnext.utilities.doctype.video.video.update_youtube_data because it was found in queue for erpnext.modernph.net
2023-12-07 09:00:08,851 ERROR scheduler Skipped queueing erpnext.accounts.doctype.process_payment_reconciliation.process_payment_reconciliation.trigger_reconciliation_for_queued_docs because it was found in queue for erpnext.modernph.net
2023-12-07 09:00:08,856 ERROR scheduler Skipped queueing erpnext.manufacturing.doctype.bom_update_log.bom_update_log.resume_bom_cost_update_jobs because it was found in queue for erpnext.modernph.net
2023-12-07 09:00:08,930 ERROR scheduler Skipped queueing frappe.website.doctype.personal_data_deletion_request.personal_data_deletion_request.process_data_deletion_request because it was found in queue for erpnext.modernph.net
2023-12-07 09:00:08,933 ERROR scheduler Skipped queueing frappe.email.doctype.newsletter.newsletter.send_scheduled_email because it was found in queue for erpnext.modernph.net
2023-12-07 09:00:08,938 ERROR scheduler Skipped queueing frappe.integrations.doctype.google_calendar.google_calendar.sync because it was found in queue for erpnext.modernph.net
2023-12-07 09:00:08,944 ERROR scheduler Skipped queueing frappe.desk.form.document_follow.send_hourly_updates because it was found in queue for erpnext.modernph.net
2023-12-07 09:00:08,951 ERROR scheduler Skipped queueing frappe.deferred_insert.save_to_db because it was found in queue for erpnext.modernph.net
2023-12-07 09:00:08,958 ERROR scheduler Skipped queueing frappe.desk.page.backups.backups.delete_downloadable_backups because it was found in queue for erpnext.modernph.net
2023-12-07 09:00:08,962 ERROR scheduler Skipped queueing frappe.model.utils.user_settings.sync_user_settings because it was found in queue for erpnext.modernph.net
2023-12-07 09:00:08,966 ERROR scheduler Skipped queueing frappe.model.utils.link_count.update_link_count because it was found in queue for erpnext.modernph.net
2023-12-07 09:00:08,970 ERROR scheduler Skipped queueing frappe.automation.doctype.reminder.reminder.send_reminders because it was found in queue for erpnext.modernph.net
2023-12-07 09:00:08,976 ERROR scheduler Skipped queueing frappe.monitor.flush because it was found in queue for erpnext.modernph.net
2023-12-07 09:00:08,986 ERROR scheduler Skipped queueing frappe.utils.global_search.sync_global_search because it was found in queue for erpnext.modernph.net
2023-12-07 09:00:08,993 ERROR scheduler Skipped queueing frappe.email.doctype.email_account.email_account.notify_unreplied because it was found in queue for erpnext.modernph.net
2023-12-07 09:00:09,004 ERROR scheduler Skipped queueing frappe.email.queue.flush because it was found in queue for erpnext.modernph.net
2023-12-07 09:00:09,018 ERROR scheduler Skipped queueing frappe.email.doctype.email_account.email_account.pull because it was found in queue for erpnext.modernph.net
2023-12-07 09:00:09,033 ERROR scheduler Skipped queueing frappe.twofactor.delete_all_barcodes_for_users because it was found in queue for erpnext.modernph.net
2023-12-07 09:00:09,040 ERROR scheduler Skipped queueing frappe.website.doctype.web_page.web_page.check_publish_status because it was found in queue for erpnext.modernph.net
2023-12-07 09:00:09,054 ERROR scheduler Skipped queueing frappe.oauth.delete_oauth2_data because it was found in queue for erpnext.modernph.net
2023-12-07 13:36:45,647 ERROR scheduler Skipped queueing frappe.email.doctype.email_account.email_account.notify_unreplied because it was found in queue for erpnext.modernph.net
2023-12-07 13:36:45,652 ERROR scheduler Skipped queueing frappe.email.queue.flush because it was found in queue for erpnext.modernph.net
2023-12-07 13:40:46,741 ERROR scheduler Skipped queueing frappe.email.doctype.email_account.email_account.notify_unreplied because it was found in queue for erpnext.modernph.net
2023-12-07 13:40:46,746 ERROR scheduler Skipped queueing frappe.email.queue.flush because it was found in queue for erpnext.modernph.net
2023-12-07 13:40:46,764 ERROR scheduler Skipped queueing frappe.email.doctype.email_account.email_account.pull because it was found in queue for erpnext.modernph.net
2023-12-07 18:00:21,407 ERROR scheduler Skipped queueing frappe.website.doctype.personal_data_deletion_request.personal_data_deletion_request.process_data_deletion_request because it was found in queue for erpnext.modernph.net
2023-12-07 18:00:21,410 ERROR scheduler Skipped queueing frappe.email.doctype.newsletter.newsletter.send_scheduled_email because it was found in queue for erpnext.modernph.net
2023-12-07 18:00:21,411 ERROR scheduler Skipped queueing frappe.integrations.doctype.google_calendar.google_calendar.sync because it was found in queue for erpnext.modernph.net
2023-12-07 18:00:21,412 ERROR scheduler Skipped queueing frappe.desk.form.document_follow.send_hourly_updates because it was found in queue for erpnext.modernph.net
2023-12-07 18:00:21,413 ERROR scheduler Skipped queueing frappe.deferred_insert.save_to_db because it was found in queue for erpnext.modernph.net
2023-12-07 18:00:21,413 ERROR scheduler Skipped queueing frappe.desk.page.backups.backups.delete_downloadable_backups because it was found in queue for erpnext.modernph.net
2023-12-07 18:00:21,414 ERROR scheduler Skipped queueing frappe.model.utils.user_settings.sync_user_settings because it was found in queue for erpnext.modernph.net
2023-12-07 18:00:21,415 ERROR scheduler Skipped queueing frappe.model.utils.link_count.update_link_count because it was found in queue for erpnext.modernph.net
2023-12-07 18:00:21,416 ERROR scheduler Skipped queueing frappe.automation.doctype.reminder.reminder.send_reminders because it was found in queue for erpnext.modernph.net
2023-12-07 18:00:21,419 ERROR scheduler Skipped queueing frappe.monitor.flush because it was found in queue for erpnext.modernph.net
2023-12-07 18:00:21,421 ERROR scheduler Skipped queueing frappe.utils.global_search.sync_global_search because it was found in queue for erpnext.modernph.net
2023-12-07 18:00:21,422 ERROR scheduler Skipped queueing frappe.email.doctype.email_account.email_account.notify_unreplied because it was found in queue for erpnext.modernph.net
2023-12-07 18:00:21,423 ERROR scheduler Skipped queueing frappe.email.queue.flush because it was found in queue for erpnext.modernph.net
2023-12-07 18:00:21,424 ERROR scheduler Skipped queueing frappe.email.doctype.email_account.email_account.pull because it was found in queue for erpnext.modernph.net
2023-12-07 18:00:21,425 ERROR scheduler Skipped queueing frappe.twofactor.delete_all_barcodes_for_users because it was found in queue for erpnext.modernph.net
2023-12-07 18:00:21,426 ERROR scheduler Skipped queueing frappe.website.doctype.web_page.web_page.check_publish_status because it was found in queue for erpnext.modernph.net
2023-12-07 18:00:21,427 ERROR scheduler Skipped queueing frappe.oauth.delete_oauth2_data because it was found in queue for erpnext.modernph.net
2023-12-07 18:04:22,021 ERROR scheduler Skipped queueing frappe.automation.doctype.reminder.reminder.send_reminders because it was found in queue for erpnext.modernph.net
2023-12-07 18:04:22,024 ERROR scheduler Skipped queueing frappe.email.doctype.email_account.email_account.notify_unreplied because it was found in queue for erpnext.modernph.net
2023-12-07 18:04:22,025 ERROR scheduler Skipped queueing frappe.email.queue.flush because it was found in queue for erpnext.modernph.net
2023-12-07 18:08:22,932 ERROR scheduler Skipped queueing frappe.automation.doctype.reminder.reminder.send_reminders because it was found in queue for erpnext.modernph.net
2023-12-07 18:08:22,936 ERROR scheduler Skipped queueing frappe.monitor.flush because it was found in queue for erpnext.modernph.net
2023-12-07 18:08:22,940 ERROR scheduler Skipped queueing frappe.utils.global_search.sync_global_search because it was found in queue for erpnext.modernph.net
2023-12-07 18:08:22,944 ERROR scheduler Skipped queueing frappe.email.doctype.email_account.email_account.notify_unreplied because it was found in queue for erpnext.modernph.net
2023-12-07 18:08:22,947 ERROR scheduler Skipped queueing frappe.email.queue.flush because it was found in queue for erpnext.modernph.net
2023-12-07 22:40:58,756 ERROR scheduler Skipped queueing frappe.email.doctype.email_account.email_account.notify_unreplied because it was found in queue for erpnext.modernph.net
2023-12-07 22:40:58,761 ERROR scheduler Skipped queueing frappe.email.queue.flush because it was found in queue for erpnext.modernph.net
2023-12-07 22:40:58,764 ERROR scheduler Skipped queueing frappe.email.doctype.email_account.email_account.pull because it was found in queue for erpnext.modernph.net
2023-12-07 22:44:59,363 ERROR scheduler Skipped queueing frappe.automation.doctype.reminder.reminder.send_reminders because it was found in queue for erpnext.modernph.net
2023-12-07 22:44:59,369 ERROR scheduler Skipped queueing frappe.monitor.flush because it was found in queue for erpnext.modernph.net
2023-12-07 22:44:59,373 ERROR scheduler Skipped queueing frappe.utils.global_search.sync_global_search because it was found in queue for erpnext.modernph.net
2023-12-07 22:44:59,376 ERROR scheduler Skipped queueing frappe.email.doctype.email_account.email_account.notify_unreplied because it was found in queue for erpnext.modernph.net
2023-12-07 22:44:59,379 ERROR scheduler Skipped queueing frappe.email.queue.flush because it was found in queue for erpnext.modernph.net
2023-12-07 22:45:59,630 ERROR scheduler Skipped queueing erpnext.accounts.doctype.process_payment_reconciliation.process_payment_reconciliation.trigger_reconciliation_for_queued_docs because it was found in queue for erpnext.modernph.net
2023-12-07 22:45:59,633 ERROR scheduler Skipped queueing erpnext.manufacturing.doctype.bom_update_log.bom_update_log.resume_bom_cost_update_jobs because it was found in queue for erpnext.modernph.net
2023-12-07 22:45:59,740 ERROR scheduler Skipped queueing frappe.twofactor.delete_all_barcodes_for_users because it was found in queue for erpnext.modernph.net
2023-12-07 22:45:59,745 ERROR scheduler Skipped queueing frappe.website.doctype.web_page.web_page.check_publish_status because it was found in queue for erpnext.modernph.net
2023-12-07 22:45:59,750 ERROR scheduler Skipped queueing frappe.oauth.delete_oauth2_data because it was found in queue for erpnext.modernph.net
2023-12-07 23:00:04,944 ERROR scheduler Skipped queueing frappe.desk.page.backups.backups.delete_downloadable_backups because it was found in queue for erpnext.modernph.net
2023-12-07 23:00:04,947 ERROR scheduler Skipped queueing frappe.model.utils.user_settings.sync_user_settings because it was found in queue for erpnext.modernph.net
2023-12-07 23:00:04,950 ERROR scheduler Skipped queueing frappe.model.utils.link_count.update_link_count because it was found in queue for erpnext.modernph.net
2023-12-07 23:00:04,955 ERROR scheduler Skipped queueing frappe.automation.doctype.reminder.reminder.send_reminders because it was found in queue for erpnext.modernph.net
2023-12-07 23:00:04,959 ERROR scheduler Skipped queueing frappe.monitor.flush because it was found in queue for erpnext.modernph.net
2023-12-07 23:00:04,962 ERROR scheduler Skipped queueing frappe.utils.global_search.sync_global_search because it was found in queue for erpnext.modernph.net
2023-12-07 23:00:04,967 ERROR scheduler Skipped queueing frappe.email.doctype.email_account.email_account.notify_unreplied because it was found in queue for erpnext.modernph.net
2023-12-07 23:00:04,971 ERROR scheduler Skipped queueing frappe.email.queue.flush because it was found in queue for erpnext.modernph.net
2023-12-07 23:00:04,985 ERROR scheduler Skipped queueing frappe.twofactor.delete_all_barcodes_for_users because it was found in queue for erpnext.modernph.net
2023-12-07 23:00:04,988 ERROR scheduler Skipped queueing frappe.website.doctype.web_page.web_page.check_publish_status because it was found in queue for erpnext.modernph.net
2023-12-07 23:00:04,992 ERROR scheduler Skipped queueing frappe.oauth.delete_oauth2_data because it was found in queue for erpnext.modernph.net
2023-12-08 03:36:38,529 ERROR scheduler Skipped queueing frappe.email.doctype.email_account.email_account.notify_unreplied because it was found in queue for erpnext.modernph.net
2023-12-08 03:36:38,539 ERROR scheduler Skipped queueing frappe.email.queue.flush because it was found in queue for erpnext.modernph.net
2023-12-08 03:40:39,321 ERROR scheduler Skipped queueing frappe.automation.doctype.reminder.reminder.send_reminders because it was found in queue for erpnext.modernph.net
2023-12-08 03:40:39,332 ERROR scheduler Skipped queueing frappe.monitor.flush because it was found in queue for erpnext.modernph.net
2023-12-08 03:40:39,337 ERROR scheduler Skipped queueing frappe.utils.global_search.sync_global_search because it was found in queue for erpnext.modernph.net
2023-12-08 03:40:39,341 ERROR scheduler Skipped queueing frappe.email.doctype.email_account.email_account.notify_unreplied because it was found in queue for erpnext.modernph.net
2023-12-08 03:40:39,346 ERROR scheduler Skipped queueing frappe.email.queue.flush because it was found in queue for erpnext.modernph.net
2023-12-08 03:40:39,357 ERROR scheduler Skipped queueing frappe.email.doctype.email_account.email_account.pull because it was found in queue for erpnext.modernph.net
2023-12-08 08:24:16,260 ERROR scheduler Skipped queueing frappe.automation.doctype.reminder.reminder.send_reminders because it was found in queue for erpnext.modernph.net
2023-12-08 08:24:16,266 ERROR scheduler Skipped queueing frappe.monitor.flush because it was found in queue for erpnext.modernph.net
2023-12-08 08:24:16,268 ERROR scheduler Skipped queueing frappe.utils.global_search.sync_global_search because it was found in queue for erpnext.modernph.net
2023-12-08 08:24:16,269 ERROR scheduler Skipped queueing frappe.email.doctype.email_account.email_account.notify_unreplied because it was found in queue for erpnext.modernph.net
2023-12-08 08:24:16,271 ERROR scheduler Skipped queueing frappe.email.queue.flush because it was found in queue for erpnext.modernph.net
2023-12-08 08:28:17,400 ERROR scheduler Skipped queueing frappe.email.doctype.email_account.email_account.notify_unreplied because it was found in queue for erpnext.modernph.net
2023-12-08 08:28:17,405 ERROR scheduler Skipped queueing frappe.email.queue.flush because it was found in queue for erpnext.modernph.net
2023-12-08 08:30:18,215 ERROR scheduler Skipped queueing frappe.twofactor.delete_all_barcodes_for_users because it was found in queue for erpnext.modernph.net
2023-12-08 08:30:18,227 ERROR scheduler Skipped queueing frappe.website.doctype.web_page.web_page.check_publish_status because it was found in queue for erpnext.modernph.net
2023-12-08 08:30:18,233 ERROR scheduler Skipped queueing frappe.oauth.delete_oauth2_data because it was found in queue for erpnext.modernph.net
2023-12-08 13:00:52,789 ERROR scheduler Skipped queueing erpnext.projects.doctype.project.project.hourly_reminder because it was found in queue for erpnext.modernph.net
2023-12-08 13:00:52,793 ERROR scheduler Skipped queueing erpnext.projects.doctype.project.project.project_status_update_reminder because it was found in queue for erpnext.modernph.net
2023-12-08 13:00:52,794 ERROR scheduler Skipped queueing erpnext.erpnext_integrations.doctype.plaid_settings.plaid_settings.automatic_synchronization because it was found in queue for erpnext.modernph.net
2023-12-08 13:00:52,795 ERROR scheduler Skipped queueing erpnext.utilities.doctype.video.video.update_youtube_data because it was found in queue for erpnext.modernph.net
2023-12-08 13:00:52,797 ERROR scheduler Skipped queueing erpnext.accounts.doctype.process_payment_reconciliation.process_payment_reconciliation.trigger_reconciliation_for_queued_docs because it was found in queue for erpnext.modernph.net
2023-12-08 13:00:52,798 ERROR scheduler Skipped queueing erpnext.manufacturing.doctype.bom_update_log.bom_update_log.resume_bom_cost_update_jobs because it was found in queue for erpnext.modernph.net
2023-12-08 13:00:52,807 ERROR scheduler Skipped queueing frappe.website.doctype.personal_data_deletion_request.personal_data_deletion_request.process_data_deletion_request because it was found in queue for erpnext.modernph.net
2023-12-08 13:00:52,808 ERROR scheduler Skipped queueing frappe.email.doctype.newsletter.newsletter.send_scheduled_email because it was found in queue for erpnext.modernph.net
2023-12-08 13:00:52,809 ERROR scheduler Skipped queueing frappe.integrations.doctype.google_calendar.google_calendar.sync because it was found in queue for erpnext.modernph.net
2023-12-08 13:00:52,810 ERROR scheduler Skipped queueing frappe.desk.form.document_follow.send_hourly_updates because it was found in queue for erpnext.modernph.net
2023-12-08 13:00:52,810 ERROR scheduler Skipped queueing frappe.deferred_insert.save_to_db because it was found in queue for erpnext.modernph.net
2023-12-08 13:00:52,811 ERROR scheduler Skipped queueing frappe.desk.page.backups.backups.delete_downloadable_backups because it was found in queue for erpnext.modernph.net
2023-12-08 13:00:52,812 ERROR scheduler Skipped queueing frappe.model.utils.user_settings.sync_user_settings because it was found in queue for erpnext.modernph.net
2023-12-08 13:00:52,812 ERROR scheduler Skipped queueing frappe.model.utils.link_count.update_link_count because it was found in queue for erpnext.modernph.net
2023-12-08 13:00:52,813 ERROR scheduler Skipped queueing frappe.automation.doctype.reminder.reminder.send_reminders because it was found in queue for erpnext.modernph.net
2023-12-08 13:00:52,814 ERROR scheduler Skipped queueing frappe.monitor.flush because it was found in queue for erpnext.modernph.net
2023-12-08 13:00:52,815 ERROR scheduler Skipped queueing frappe.utils.global_search.sync_global_search because it was found in queue for erpnext.modernph.net
2023-12-08 13:00:52,816 ERROR scheduler Skipped queueing frappe.email.doctype.email_account.email_account.notify_unreplied because it was found in queue for erpnext.modernph.net
2023-12-08 13:00:52,817 ERROR scheduler Skipped queueing frappe.email.queue.flush because it was found in queue for erpnext.modernph.net
2023-12-08 13:00:52,818 ERROR scheduler Skipped queueing frappe.email.doctype.email_account.email_account.pull because it was found in queue for erpnext.modernph.net
2023-12-08 13:00:52,819 ERROR scheduler Skipped queueing frappe.twofactor.delete_all_barcodes_for_users because it was found in queue for erpnext.modernph.net
2023-12-08 13:00:52,821 ERROR scheduler Skipped queueing frappe.website.doctype.web_page.web_page.check_publish_status because it was found in queue for erpnext.modernph.net
2023-12-08 13:00:52,821 ERROR scheduler Skipped queueing frappe.oauth.delete_oauth2_data because it was found in queue for erpnext.modernph.net
2023-12-08 13:04:53,703 ERROR scheduler Skipped queueing frappe.automation.doctype.reminder.reminder.send_reminders because it was found in queue for erpnext.modernph.net
2023-12-08 13:04:53,708 ERROR scheduler Skipped queueing frappe.monitor.flush because it was found in queue for erpnext.modernph.net
2023-12-08 13:04:53,720 ERROR scheduler Skipped queueing frappe.utils.global_search.sync_global_search because it was found in queue for erpnext.modernph.net
2023-12-08 13:04:53,730 ERROR scheduler Skipped queueing frappe.email.doctype.email_account.email_account.notify_unreplied because it was found in queue for erpnext.modernph.net
2023-12-08 13:04:53,734 ERROR scheduler Skipped queueing frappe.email.queue.flush because it was found in queue for erpnext.modernph.net
2023-12-08 17:40:30,577 ERROR scheduler Skipped queueing frappe.email.doctype.email_account.email_account.notify_unreplied because it was found in queue for erpnext.modernph.net
2023-12-08 17:40:30,588 ERROR scheduler Skipped queueing frappe.email.queue.flush because it was found in queue for erpnext.modernph.net
2023-12-08 17:40:30,593 ERROR scheduler Skipped queueing frappe.email.doctype.email_account.email_account.pull because it was found in queue for erpnext.modernph.net
2023-12-08 17:44:31,272 ERROR scheduler Skipped queueing frappe.automation.doctype.reminder.reminder.send_reminders because it was found in queue for erpnext.modernph.net
2023-12-08 17:44:31,273 ERROR scheduler Skipped queueing frappe.monitor.flush because it was found in queue for erpnext.modernph.net
2023-12-08 17:44:31,274 ERROR scheduler Skipped queueing frappe.utils.global_search.sync_global_search because it was found in queue for erpnext.modernph.net
2023-12-08 17:44:31,275 ERROR scheduler Skipped queueing frappe.email.doctype.email_account.email_account.notify_unreplied because it was found in queue for erpnext.modernph.net
2023-12-08 17:44:31,277 ERROR scheduler Skipped queueing frappe.email.queue.flush because it was found in queue for erpnext.modernph.net
2023-12-08 17:45:31,420 ERROR scheduler Skipped queueing erpnext.accounts.doctype.process_payment_reconciliation.process_payment_reconciliation.trigger_reconciliation_for_queued_docs because it was found in queue for erpnext.modernph.net
2023-12-08 17:45:31,421 ERROR scheduler Skipped queueing erpnext.manufacturing.doctype.bom_update_log.bom_update_log.resume_bom_cost_update_jobs because it was found in queue for erpnext.modernph.net
2023-12-08 17:45:31,541 ERROR scheduler Skipped queueing frappe.twofactor.delete_all_barcodes_for_users because it was found in queue for erpnext.modernph.net
2023-12-08 17:45:31,545 ERROR scheduler Skipped queueing frappe.website.doctype.web_page.web_page.check_publish_status because it was found in queue for erpnext.modernph.net
2023-12-08 17:45:31,550 ERROR scheduler Skipped queueing frappe.oauth.delete_oauth2_data because it was found in queue for erpnext.modernph.net
2023-12-08 21:56:05,218 ERROR scheduler Skipped queueing frappe.automation.doctype.reminder.reminder.send_reminders because it was found in queue for erpnext.modernph.net
2023-12-08 21:56:05,256 ERROR scheduler Skipped queueing frappe.monitor.flush because it was found in queue for erpnext.modernph.net
2023-12-08 21:56:05,275 ERROR scheduler Skipped queueing frappe.utils.global_search.sync_global_search because it was found in queue for erpnext.modernph.net
2023-12-08 21:56:05,295 ERROR scheduler Skipped queueing frappe.email.doctype.email_account.email_account.notify_unreplied because it was found in queue for erpnext.modernph.net
2023-12-08 21:56:05,314 ERROR scheduler Skipped queueing frappe.email.queue.flush because it was found in queue for erpnext.modernph.net
2023-12-08 22:00:06,392 ERROR scheduler Skipped queueing erpnext.projects.doctype.project.project.hourly_reminder because it was found in queue for erpnext.modernph.net
2023-12-08 22:00:06,395 ERROR scheduler Skipped queueing erpnext.projects.doctype.project.project.project_status_update_reminder because it was found in queue for erpnext.modernph.net
2023-12-08 22:00:06,398 ERROR scheduler Skipped queueing erpnext.erpnext_integrations.doctype.plaid_settings.plaid_settings.automatic_synchronization because it was found in queue for erpnext.modernph.net
2023-12-08 22:00:06,401 ERROR scheduler Skipped queueing erpnext.utilities.doctype.video.video.update_youtube_data because it was found in queue for erpnext.modernph.net
2023-12-08 22:00:06,408 ERROR scheduler Skipped queueing erpnext.accounts.doctype.process_payment_reconciliation.process_payment_reconciliation.trigger_reconciliation_for_queued_docs because it was found in queue for erpnext.modernph.net
2023-12-08 22:00:06,411 ERROR scheduler Skipped queueing erpnext.manufacturing.doctype.bom_update_log.bom_update_log.resume_bom_cost_update_jobs because it was found in queue for erpnext.modernph.net
2023-12-08 22:00:06,474 ERROR scheduler Skipped queueing frappe.website.doctype.personal_data_deletion_request.personal_data_deletion_request.process_data_deletion_request because it was found in queue for erpnext.modernph.net
2023-12-08 22:00:06,476 ERROR scheduler Skipped queueing frappe.email.doctype.newsletter.newsletter.send_scheduled_email because it was found in queue for erpnext.modernph.net
2023-12-08 22:00:06,479 ERROR scheduler Skipped queueing frappe.integrations.doctype.google_calendar.google_calendar.sync because it was found in queue for erpnext.modernph.net
2023-12-08 22:00:06,482 ERROR scheduler Skipped queueing frappe.desk.form.document_follow.send_hourly_updates because it was found in queue for erpnext.modernph.net
2023-12-08 22:00:06,484 ERROR scheduler Skipped queueing frappe.deferred_insert.save_to_db because it was found in queue for erpnext.modernph.net
2023-12-08 22:00:06,487 ERROR scheduler Skipped queueing frappe.desk.page.backups.backups.delete_downloadable_backups because it was found in queue for erpnext.modernph.net
2023-12-08 22:00:06,490 ERROR scheduler Skipped queueing frappe.model.utils.user_settings.sync_user_settings because it was found in queue for erpnext.modernph.net
2023-12-08 22:00:06,493 ERROR scheduler Skipped queueing frappe.model.utils.link_count.update_link_count because it was found in queue for erpnext.modernph.net
2023-12-08 22:00:06,496 ERROR scheduler Skipped queueing frappe.automation.doctype.reminder.reminder.send_reminders because it was found in queue for erpnext.modernph.net
2023-12-08 22:00:06,498 ERROR scheduler Skipped queueing frappe.monitor.flush because it was found in queue for erpnext.modernph.net
2023-12-08 22:00:06,501 ERROR scheduler Skipped queueing frappe.utils.global_search.sync_global_search because it was found in queue for erpnext.modernph.net
2023-12-08 22:00:06,504 ERROR scheduler Skipped queueing frappe.email.doctype.email_account.email_account.notify_unreplied because it was found in queue for erpnext.modernph.net
2023-12-08 22:00:06,507 ERROR scheduler Skipped queueing frappe.email.queue.flush because it was found in queue for erpnext.modernph.net
2023-12-08 22:00:06,516 ERROR scheduler Skipped queueing frappe.email.doctype.email_account.email_account.pull because it was found in queue for erpnext.modernph.net
2023-12-08 22:00:06,519 ERROR scheduler Skipped queueing frappe.twofactor.delete_all_barcodes_for_users because it was found in queue for erpnext.modernph.net
2023-12-08 22:00:06,523 ERROR scheduler Skipped queueing frappe.website.doctype.web_page.web_page.check_publish_status because it was found in queue for erpnext.modernph.net
2023-12-08 22:00:06,527 ERROR scheduler Skipped queueing frappe.oauth.delete_oauth2_data because it was found in queue for erpnext.modernph.net
2023-12-09 02:36:43,435 ERROR scheduler Skipped queueing frappe.automation.doctype.reminder.reminder.send_reminders because it was found in queue for erpnext.modernph.net
2023-12-09 02:36:43,492 ERROR scheduler Skipped queueing frappe.monitor.flush because it was found in queue for erpnext.modernph.net
2023-12-09 02:36:43,494 ERROR scheduler Skipped queueing frappe.utils.global_search.sync_global_search because it was found in queue for erpnext.modernph.net
2023-12-09 02:36:43,497 ERROR scheduler Skipped queueing frappe.email.doctype.email_account.email_account.notify_unreplied because it was found in queue for erpnext.modernph.net
2023-12-09 02:36:43,510 ERROR scheduler Skipped queueing frappe.email.queue.flush because it was found in queue for erpnext.modernph.net
2023-12-09 02:40:44,306 ERROR scheduler Skipped queueing frappe.automation.doctype.reminder.reminder.send_reminders because it was found in queue for erpnext.modernph.net
2023-12-09 02:40:44,318 ERROR scheduler Skipped queueing frappe.monitor.flush because it was found in queue for erpnext.modernph.net
2023-12-09 02:40:44,323 ERROR scheduler Skipped queueing frappe.utils.global_search.sync_global_search because it was found in queue for erpnext.modernph.net
2023-12-09 02:40:44,328 ERROR scheduler Skipped queueing frappe.email.doctype.email_account.email_account.notify_unreplied because it was found in queue for erpnext.modernph.net
2023-12-09 02:40:44,332 ERROR scheduler Skipped queueing frappe.email.queue.flush because it was found in queue for erpnext.modernph.net
2023-12-09 02:40:44,344 ERROR scheduler Skipped queueing frappe.email.doctype.email_account.email_account.pull because it was found in queue for erpnext.modernph.net
2023-12-09 02:44:45,558 ERROR scheduler Skipped queueing frappe.email.doctype.email_account.email_account.notify_unreplied because it was found in queue for erpnext.modernph.net
2023-12-09 02:44:45,563 ERROR scheduler Skipped queueing frappe.email.queue.flush because it was found in queue for erpnext.modernph.net
2023-12-09 02:45:45,903 ERROR scheduler Skipped queueing frappe.website.doctype.web_page.web_page.check_publish_status because it was found in queue for erpnext.modernph.net
2023-12-09 03:00:51,014 ERROR scheduler Skipped queueing frappe.website.doctype.web_page.web_page.check_publish_status because it was found in queue for erpnext.modernph.net
2023-12-09 03:00:51,019 ERROR scheduler Skipped queueing frappe.oauth.delete_oauth2_data because it was found in queue for erpnext.modernph.net
2023-12-09 07:24:23,379 ERROR scheduler Skipped queueing frappe.automation.doctype.reminder.reminder.send_reminders because it was found in queue for erpnext.modernph.net
2023-12-09 07:24:23,383 ERROR scheduler Skipped queueing frappe.monitor.flush because it was found in queue for erpnext.modernph.net
2023-12-09 07:24:23,384 ERROR scheduler Skipped queueing frappe.utils.global_search.sync_global_search because it was found in queue for erpnext.modernph.net
2023-12-09 07:24:23,385 ERROR scheduler Skipped queueing frappe.email.doctype.email_account.email_account.notify_unreplied because it was found in queue for erpnext.modernph.net
2023-12-09 07:24:23,386 ERROR scheduler Skipped queueing frappe.email.queue.flush because it was found in queue for erpnext.modernph.net
2023-12-09 07:28:24,549 ERROR scheduler Skipped queueing frappe.email.doctype.email_account.email_account.notify_unreplied because it was found in queue for erpnext.modernph.net
2023-12-09 07:28:24,559 ERROR scheduler Skipped queueing frappe.email.queue.flush because it was found in queue for erpnext.modernph.net
2023-12-09 07:30:25,445 ERROR scheduler Skipped queueing frappe.oauth.delete_oauth2_data because it was found in queue for erpnext.modernph.net
2023-12-09 11:48:57,855 ERROR scheduler Skipped queueing frappe.automation.doctype.reminder.reminder.send_reminders because it was found in queue for erpnext.modernph.net
2023-12-09 11:48:57,868 ERROR scheduler Skipped queueing frappe.monitor.flush because it was found in queue for erpnext.modernph.net
2023-12-09 11:48:57,870 ERROR scheduler Skipped queueing frappe.utils.global_search.sync_global_search because it was found in queue for erpnext.modernph.net
2023-12-09 11:48:57,872 ERROR scheduler Skipped queueing frappe.email.doctype.email_account.email_account.notify_unreplied because it was found in queue for erpnext.modernph.net
2023-12-09 11:48:57,872 ERROR scheduler Skipped queueing frappe.email.queue.flush because it was found in queue for erpnext.modernph.net
2023-12-09 11:50:58,232 ERROR scheduler Skipped queueing frappe.email.doctype.email_account.email_account.pull because it was found in queue for erpnext.modernph.net
2023-12-09 11:52:58,998 ERROR scheduler Skipped queueing frappe.email.doctype.email_account.email_account.notify_unreplied because it was found in queue for erpnext.modernph.net
2023-12-09 11:52:59,001 ERROR scheduler Skipped queueing frappe.email.queue.flush because it was found in queue for erpnext.modernph.net
2023-12-11 13:57:23,629 ERROR scheduler Skipped queueing frappe.automation.doctype.reminder.reminder.send_reminders because it was found in queue for erpnext.modernph.net
2023-12-11 13:57:23,659 ERROR scheduler Skipped queueing frappe.monitor.flush because it was found in queue for erpnext.modernph.net
2023-12-11 13:57:23,661 ERROR scheduler Skipped queueing frappe.utils.global_search.sync_global_search because it was found in queue for erpnext.modernph.net
2023-12-11 13:57:23,662 ERROR scheduler Skipped queueing frappe.email.doctype.email_account.email_account.notify_unreplied because it was found in queue for erpnext.modernph.net
2023-12-11 13:57:23,664 ERROR scheduler Skipped queueing frappe.email.queue.flush because it was found in queue for erpnext.modernph.net
