Traceback (most recent call last):
  File "/usr/lib/python3.10/runpy.py", line 196, in _run_module_as_main
    return _run_code(code, main_globals, None,
  File "/usr/lib/python3.10/runpy.py", line 86, in _run_code
    exec(code, run_globals)
  File "/home/wezri/frappe-bench/apps/frappe/frappe/utils/bench_helper.py", line 114, in <module>
    main()
  File "/home/wezri/frappe-bench/apps/frappe/frappe/utils/bench_helper.py", line 20, in main
    click.Group(commands=commands)(prog_name="bench")
  File "/home/wezri/frappe-bench/env/lib/python3.10/site-packages/click/core.py", line 1157, in __call__
    return self.main(*args, **kwargs)
  File "/home/wezri/frappe-bench/env/lib/python3.10/site-packages/click/core.py", line 1078, in main
    rv = self.invoke(ctx)
  File "/home/wezri/frappe-bench/env/lib/python3.10/site-packages/click/core.py", line 1688, in invoke
    return _process_result(sub_ctx.command.invoke(sub_ctx))
  File "/home/wezri/frappe-bench/env/lib/python3.10/site-packages/click/core.py", line 1688, in invoke
    return _process_result(sub_ctx.command.invoke(sub_ctx))
  File "/home/wezri/frappe-bench/env/lib/python3.10/site-packages/click/core.py", line 1434, in invoke
    return ctx.invoke(self.callback, **ctx.params)
  File "/home/wezri/frappe-bench/env/lib/python3.10/site-packages/click/core.py", line 783, in invoke
    return __callback(*args, **kwargs)
  File "/home/wezri/frappe-bench/apps/frappe/frappe/commands/scheduler.py", line 183, in start_scheduler
    start_scheduler()
  File "/home/wezri/frappe-bench/apps/frappe/frappe/utils/scheduler.py", line 43, in start_scheduler
    enqueue_events_for_all_sites()
  File "/home/wezri/frappe-bench/apps/frappe/frappe/utils/scheduler.py", line 53, in enqueue_events_for_all_sites
    with frappe.init_site():
  File "/home/wezri/frappe-bench/apps/frappe/frappe/__init__.py", line 394, in __enter__
    init(self.site)
  File "/home/wezri/frappe-bench/apps/frappe/frappe/__init__.py", line 258, in init
    setup_module_map()
  File "/home/wezri/frappe-bench/apps/frappe/frappe/__init__.py", line 1620, in setup_module_map
    for module in get_module_list(app):
  File "/home/wezri/frappe-bench/apps/frappe/frappe/__init__.py", line 1479, in get_module_list
    return get_file_items(get_app_path(app_name, "modules.txt"))
  File "/home/wezri/frappe-bench/apps/frappe/frappe/__init__.py", line 1444, in get_app_path
    return get_pymodule_path(app_name, *joins)
  File "/home/wezri/frappe-bench/apps/frappe/frappe/__init__.py", line 1474, in get_pymodule_path
    return abspath(join(dirname(get_module(scrub(modulename)).__file__ or ""), *joins))
  File "/home/wezri/frappe-bench/apps/frappe/frappe/__init__.py", line 1415, in get_module
    return importlib.import_module(modulename)
  File "/usr/lib/python3.10/importlib/__init__.py", line 126, in import_module
    return _bootstrap._gcd_import(name[level:], package, level)
  File "<frozen importlib._bootstrap>", line 1050, in _gcd_import
  File "<frozen importlib._bootstrap>", line 1027, in _find_and_load
  File "<frozen importlib._bootstrap>", line 1004, in _find_and_load_unlocked
ModuleNotFoundError: No module named 'hrms'
